<?xml version="1.0" encoding="UTF-8"?>
<testsuite name="assembler.parser.ParserImplTest" tests="7" skipped="0" failures="0" errors="0" timestamp="2021-10-16T03:20:43" hostname="LLAMA" time="0.04">
  <properties/>
  <testcase name="advance" classname="assembler.parser.ParserImplTest" time="0.026"/>
  <testcase name="symbol" classname="assembler.parser.ParserImplTest" time="0.004"/>
  <testcase name="comp" classname="assembler.parser.ParserImplTest" time="0.006"/>
  <testcase name="dest" classname="assembler.parser.ParserImplTest" time="0.002"/>
  <testcase name="jump" classname="assembler.parser.ParserImplTest" time="0.001"/>
  <testcase name="hasMoreLines" classname="assembler.parser.ParserImplTest" time="0.0"/>
  <testcase name="instructionType" classname="assembler.parser.ParserImplTest" time="0.0"/>
  <system-out><![CDATA[]]></system-out>
  <system-err><![CDATA[]]></system-err>
</testsuite>
