<?xml version="1.0" encoding="UTF-8"?>
<testsuite name="DriverTest" tests="1" skipped="0" failures="0" errors="0" timestamp="2021-10-20T21:05:33" hostname="LLAMA" time="0.091">
  <properties/>
  <testcase name="generateBinaries" classname="DriverTest" time="0.091"/>
  <system-out><![CDATA[]]></system-out>
  <system-err><![CDATA[]]></system-err>
</testsuite>
