<?xml version="1.0" encoding="UTF-8"?>
<testsuite name="DriverTest" tests="2" skipped="0" failures="0" errors="0" timestamp="2021-10-20T18:31:20" hostname="LLAMA" time="0.071">
  <properties/>
  <testcase name="generateBinaries" classname="DriverTest" time="0.054"/>
  <testcase name="parseLabels" classname="DriverTest" time="0.009"/>
  <system-out><![CDATA[]]></system-out>
  <system-err><![CDATA[]]></system-err>
</testsuite>
