<?xml version="1.0" encoding="UTF-8"?>
<testsuite name="assembler.symbolTable.SymbolTableImplTest" tests="1" skipped="0" failures="0" errors="0" timestamp="2021-10-18T03:44:08" hostname="LLAMA" time="0.014">
  <properties/>
  <testcase name="getAddress" classname="assembler.symbolTable.SymbolTableImplTest" time="0.014"/>
  <system-out><![CDATA[]]></system-out>
  <system-err><![CDATA[]]></system-err>
</testsuite>
